<?xml version="1.0" encoding="UTF-8"?>
<testsuite name="com.example.board.BoardApplicationTests" tests="1" skipped="0" failures="0" errors="0" timestamp="2025-07-24T01:11:55.686Z" hostname="ijeyeon-ui-MacBookPro.local" time="0.315">
  <properties/>
  <testcase name="contextLoads()" classname="com.example.board.BoardApplicationTests" time="0.315"/>
  <system-out><![CDATA[10:11:54.930 [Test worker] INFO org.springframework.test.context.support.AnnotationConfigContextLoaderUtils -- Could not detect default configuration classes for test class [com.example.board.BoardApplicationTests]: BoardApplicationTests does not declare any static, non-private, non-final, nested classes annotated with @Configuration.
10:11:54.961 [Test worker] INFO org.springframework.boot.test.context.SpringBootTestContextBootstrapper -- Found @SpringBootConfiguration com.example.board.BoardApplication for test class com.example.board.BoardApplicationTests

  .   ____          _            __ _ _
 /\\ / ___'_ __ _ _(_)_ __  __ _ \ \ \ \
( ( )\___ | '_ | '_| | '_ \/ _` | \ \ \ \
 \\/  ___)| |_)| | | | | || (_| |  ) ) ) )
  '  |____| .__|_| |_|_| |_\__, | / / / /
 =========|_|==============|___/=/_/_/_/

 :: Spring Boot ::                (v3.4.7)

2025-07-24T10:11:55.082+09:00  INFO 10335 --- [    Test worker] c.example.board.BoardApplicationTests    : Starting BoardApplicationTests using Java 21.0.7 with PID 10335 (started by david in /Users/david/Documents/study/board2)
2025-07-24T10:11:55.082+09:00  INFO 10335 --- [    Test worker] c.example.board.BoardApplicationTests    : No active profile set, falling back to 1 default profile: "default"
2025-07-24T10:11:55.517+09:00  WARN 10335 --- [    Test worker] .s.s.UserDetailsServiceAutoConfiguration : 

Using generated security password: a231efb5-7170-4246-877a-e0ea7e7ed50d

This generated password is for development use only. Your security configuration must be updated before running your application in production.

2025-07-24T10:11:55.519+09:00  INFO 10335 --- [    Test worker] r$InitializeUserDetailsManagerConfigurer : Global AuthenticationManager configured with UserDetailsService bean with name inMemoryUserDetailsManager
2025-07-24T10:11:55.682+09:00  INFO 10335 --- [    Test worker] c.example.board.BoardApplicationTests    : Started BoardApplicationTests in 0.682 seconds (process running for 1.004)
]]></system-out>
  <system-err><![CDATA[Mockito is currently self-attaching to enable the inline-mock-maker. This will no longer work in future releases of the JDK. Please add Mockito as an agent to your build what is described in Mockito's documentation: https://javadoc.io/doc/org.mockito/mockito-core/latest/org/mockito/Mockito.html#0.3
WARNING: A Java agent has been loaded dynamically (/Users/david/.gradle/caches/modules-2/files-2.1/net.bytebuddy/byte-buddy-agent/1.15.11/a38b16385e867f59a641330f0362ebe742788ed8/byte-buddy-agent-1.15.11.jar)
WARNING: If a serviceability tool is in use, please run with -XX:+EnableDynamicAgentLoading to hide this warning
WARNING: If a serviceability tool is not in use, please run with -Djdk.instrument.traceUsage for more information
WARNING: Dynamic loading of agents will be disallowed by default in a future release
]]></system-err>
</testsuite>
