<?xml version="1.0" encoding="UTF-8"?>
<testsuite name="com.example.board.BoardApplicationTests" tests="1" skipped="0" failures="0" errors="0" timestamp="2025-07-25T00:37:15.083Z" hostname="ijeyeon-ui-MacBookPro.local" time="0.317">
  <properties/>
  <testcase name="contextLoads()" classname="com.example.board.BoardApplicationTests" time="0.317"/>
  <system-out><![CDATA[09:37:14.313 [Test worker] INFO org.springframework.test.context.support.AnnotationConfigContextLoaderUtils -- Could not detect default configuration classes for test class [com.example.board.BoardApplicationTests]: BoardApplicationTests does not declare any static, non-private, non-final, nested classes annotated with @Configuration.
09:37:14.349 [Test worker] INFO org.springframework.boot.test.context.SpringBootTestContextBootstrapper -- Found @SpringBootConfiguration com.example.board.BoardApplication for test class com.example.board.BoardApplicationTests

  .   ____          _            __ _ _
 /\\ / ___'_ __ _ _(_)_ __  __ _ \ \ \ \
( ( )\___ | '_ | '_| | '_ \/ _` | \ \ \ \
 \\/  ___)| |_)| | | | | || (_| |  ) ) ) )
  '  |____| .__|_| |_|_| |_\__, | / / / /
 =========|_|==============|___/=/_/_/_/

 :: Spring Boot ::                (v3.4.7)

2025-07-25T09:37:14.488+09:00  INFO 28439 --- [    Test worker] c.example.board.BoardApplicationTests    : Starting BoardApplicationTests using Java 21.0.7 with PID 28439 (started by david in /Users/david/Documents/study/board2)
2025-07-25T09:37:14.488+09:00 DEBUG 28439 --- [    Test worker] c.example.board.BoardApplicationTests    : Running with Spring Boot v3.4.7, Spring v6.2.8
2025-07-25T09:37:14.488+09:00  INFO 28439 --- [    Test worker] c.example.board.BoardApplicationTests    : No active profile set, falling back to 1 default profile: "default"
2025-07-25T09:37:14.705+09:00 DEBUG 28439 --- [    Test worker] o.m.s.mapper.ClassPathMapperScanner      : Identified candidate component class: file [/Users/david/Documents/study/board2/build/classes/java/main/com/example/board/mapper/BoardMapper.class]
2025-07-25T09:37:14.705+09:00 DEBUG 28439 --- [    Test worker] o.m.s.mapper.ClassPathMapperScanner      : Identified candidate component class: file [/Users/david/Documents/study/board2/build/classes/java/main/com/example/board/mapper/CommentMapper.class]
2025-07-25T09:37:14.705+09:00 DEBUG 28439 --- [    Test worker] o.m.s.mapper.ClassPathMapperScanner      : Identified candidate component class: file [/Users/david/Documents/study/board2/build/classes/java/main/com/example/board/mapper/UserMapper.class]
2025-07-25T09:37:14.705+09:00 DEBUG 28439 --- [    Test worker] o.m.s.mapper.ClassPathMapperScanner      : Creating MapperFactoryBean with name 'boardMapper' and 'com.example.board.mapper.BoardMapper' mapperInterface
2025-07-25T09:37:14.706+09:00 DEBUG 28439 --- [    Test worker] o.m.s.mapper.ClassPathMapperScanner      : Enabling autowire by type for MapperFactoryBean with name 'boardMapper'.
2025-07-25T09:37:14.706+09:00 DEBUG 28439 --- [    Test worker] o.m.s.mapper.ClassPathMapperScanner      : Creating MapperFactoryBean with name 'commentMapper' and 'com.example.board.mapper.CommentMapper' mapperInterface
2025-07-25T09:37:14.706+09:00 DEBUG 28439 --- [    Test worker] o.m.s.mapper.ClassPathMapperScanner      : Enabling autowire by type for MapperFactoryBean with name 'commentMapper'.
2025-07-25T09:37:14.706+09:00 DEBUG 28439 --- [    Test worker] o.m.s.mapper.ClassPathMapperScanner      : Creating MapperFactoryBean with name 'userMapper' and 'com.example.board.mapper.UserMapper' mapperInterface
2025-07-25T09:37:14.706+09:00 DEBUG 28439 --- [    Test worker] o.m.s.mapper.ClassPathMapperScanner      : Enabling autowire by type for MapperFactoryBean with name 'userMapper'.
2025-07-25T09:37:14.852+09:00 DEBUG 28439 --- [    Test worker] o.mybatis.spring.SqlSessionFactoryBean   : Parsed mapper file: 'file [/Users/david/Documents/study/board2/build/resources/main/mapper/BoardMapper.xml]'
2025-07-25T09:37:14.856+09:00 DEBUG 28439 --- [    Test worker] o.mybatis.spring.SqlSessionFactoryBean   : Parsed mapper file: 'file [/Users/david/Documents/study/board2/build/resources/main/mapper/CommentMapper.xml]'
2025-07-25T09:37:14.860+09:00 DEBUG 28439 --- [    Test worker] o.mybatis.spring.SqlSessionFactoryBean   : Parsed mapper file: 'file [/Users/david/Documents/study/board2/build/resources/main/mapper/UserMapper.xml]'
2025-07-25T09:37:14.905+09:00  WARN 28439 --- [    Test worker] .s.s.UserDetailsServiceAutoConfiguration : 

Using generated security password: d2bed174-095b-4801-9411-c94963ced2c2

This generated password is for development use only. Your security configuration must be updated before running your application in production.

2025-07-25T09:37:14.907+09:00  INFO 28439 --- [    Test worker] r$InitializeUserDetailsManagerConfigurer : Global AuthenticationManager configured with UserDetailsService bean with name inMemoryUserDetailsManager
2025-07-25T09:37:14.986+09:00 DEBUG 28439 --- [    Test worker] o.s.s.web.DefaultSecurityFilterChain     : Will secure any request with filters: DisableEncodeUrlFilter, WebAsyncManagerIntegrationFilter, SecurityContextHolderFilter, HeaderWriterFilter, LogoutFilter, JwtAuthenticationFilter, RequestCacheAwareFilter, SecurityContextHolderAwareRequestFilter, AnonymousAuthenticationFilter, SessionManagementFilter, ExceptionTranslationFilter, AuthorizationFilter
2025-07-25T09:37:15.076+09:00  INFO 28439 --- [    Test worker] c.example.board.BoardApplicationTests    : Started BoardApplicationTests in 0.681 seconds (process running for 1.03)
]]></system-out>
  <system-err><![CDATA[Mockito is currently self-attaching to enable the inline-mock-maker. This will no longer work in future releases of the JDK. Please add Mockito as an agent to your build what is described in Mockito's documentation: https://javadoc.io/doc/org.mockito/mockito-core/latest/org/mockito/Mockito.html#0.3
WARNING: A Java agent has been loaded dynamically (/Users/david/.gradle/caches/modules-2/files-2.1/net.bytebuddy/byte-buddy-agent/1.15.11/a38b16385e867f59a641330f0362ebe742788ed8/byte-buddy-agent-1.15.11.jar)
WARNING: If a serviceability tool is in use, please run with -XX:+EnableDynamicAgentLoading to hide this warning
WARNING: If a serviceability tool is not in use, please run with -Djdk.instrument.traceUsage for more information
WARNING: Dynamic loading of agents will be disallowed by default in a future release
]]></system-err>
</testsuite>
